<?xml version="1.0" encoding="UTF-8"?>
<!-- Generated by org.testng.reporters.JUnitReportReporter -->
<testsuite hostname="Admin" name="com.nopcommerce.myaccount.MyAccount_01_EditAccount" tests="4" failures="0"
           timestamp="5 Dec 2020 19:04:11 GMT" time="26.577" errors="0">
    <testcase name="TC_04_AddReviewProduct" time="6.850"
              classname="com.nopcommerce.myaccount.MyAccount_01_EditAccount"/>
    <testcase name="TC_01_UpdateCustomerInfor" time="5.552"
              classname="com.nopcommerce.myaccount.MyAccount_01_EditAccount"/>
    <testcase name="TC_02_AddAddress" time="6.321" classname="com.nopcommerce.myaccount.MyAccount_01_EditAccount"/>
    <testcase name="TC_03_ChangePassword" time="7.854" classname="com.nopcommerce.myaccount.MyAccount_01_EditAccount"/>
</testsuite> <!-- com.nopcommerce.myaccount.MyAccount_01_EditAccount -->
