<?xml version="1.0" encoding="UTF-8"?>
<!-- Generated by org.testng.reporters.JUnitReportReporter -->
<testsuite hostname="Admin" name="com.nopcommerce.login.Login_02_Login" tests="6" failures="0" timestamp="5 Dec 2020 19:04:11 GMT" time="13.771" errors="0">
  <testcase name="TC_05_LoginWithWrongPass" time="1.671" classname="com.nopcommerce.login.Login_02_Login"/>
  <testcase name="TC_04_LoginWithEmptyPass" time="2.987" classname="com.nopcommerce.login.Login_02_Login"/>
  <testcase name="TC_03_LoginWithIncorrectEmail" time="2.519" classname="com.nopcommerce.login.Login_02_Login"/>
  <testcase name="TC_02_LoginWithInvalidEmail" time="1.811" classname="com.nopcommerce.login.Login_02_Login"/>
  <testcase name="TC_01_LoginWithEmptyData" time="1.084" classname="com.nopcommerce.login.Login_02_Login"/>
  <testcase name="TC_06_LoginToTheSystem" time="3.699" classname="com.nopcommerce.login.Login_02_Login"/>
</testsuite> <!-- com.nopcommerce.login.Login_02_Login -->
