<?xml version="1.0" encoding="UTF-8"?>
<!-- Generated by org.testng.reporters.JUnitReportReporter -->
<testsuite hostname="Admin" name="com.nopcommerce.login.Login_01_Register" tests="6" failures="0" timestamp="21 Nov 2020 10:01:33 GMT" time="21.578" errors="0">
  <testcase name="TC_05_RegisterWithInvalidConfirmPass" time="3.221" classname="com.nopcommerce.login.Login_01_Register"/>
  <testcase name="TC_02_RegisterWithInvalidEmail" time="3.191" classname="com.nopcommerce.login.Login_01_Register"/>
  <testcase name="TC_06_RegisterToSystem" time="5.072" classname="com.nopcommerce.login.Login_01_Register"/>
  <testcase name="TC_04_RegisterWithInvalidPass" time="3.025" classname="com.nopcommerce.login.Login_01_Register"/>
  <testcase name="TC_01_RegisterWithEmptyData" time="3.325" classname="com.nopcommerce.login.Login_01_Register"/>
  <testcase name="TC_03_RegisterWithExistEmail" time="3.744" classname="com.nopcommerce.login.Login_01_Register"/>
</testsuite> <!-- com.nopcommerce.login.Login_01_Register -->
