<?xml version="1.0" encoding="UTF-8"?>
<!-- Generated by org.testng.reporters.JUnitReportReporter -->
<testsuite hostname="Admin" name="com.nopcommerce.login.Login_02_Login" tests="6" failures="0" timestamp="3 Dec 2020 14:17:11 GMT" time="14.382" errors="0">
  <testcase name="TC_01_LoginWithEmptyData" time="2.057" classname="com.nopcommerce.login.Login_02_Login"/>
  <testcase name="TC_06_LoginToTheSystem" time="3.529" classname="com.nopcommerce.login.Login_02_Login"/>
  <testcase name="TC_05_LoginWithWrongPass" time="2.297" classname="com.nopcommerce.login.Login_02_Login"/>
  <testcase name="TC_02_LoginWithInvalidEmail" time="1.818" classname="com.nopcommerce.login.Login_02_Login"/>
  <testcase name="TC_04_LoginWithEmptyPass" time="2.261" classname="com.nopcommerce.login.Login_02_Login"/>
  <testcase name="TC_03_LoginWithIncorrectEmail" time="2.420" classname="com.nopcommerce.login.Login_02_Login"/>
</testsuite> <!-- com.nopcommerce.login.Login_02_Login -->
