<?xml version="1.0" encoding="UTF-8"?>
<!-- Generated by org.testng.reporters.JUnitReportReporter -->
<testsuite hostname="Admin" name="com.nopcommerce.myaccount.MyAccount_01_EditAccount" tests="4" failures="0" timestamp="27 Nov 2020 20:06:44 GMT" time="11.105" errors="0">
  <testcase name="TC_04_Add_Review_Product" time="0.001" classname="com.nopcommerce.myaccount.MyAccount_01_EditAccount"/>
  <testcase name="TC_01_Update_Customer_Infor" time="4.003" classname="com.nopcommerce.myaccount.MyAccount_01_EditAccount"/>
  <testcase name="TC_02_Add_Address" time="7.100" classname="com.nopcommerce.myaccount.MyAccount_01_EditAccount"/>
  <testcase name="TC_03_Change_Password" time="0.001" classname="com.nopcommerce.myaccount.MyAccount_01_EditAccount"/>
</testsuite> <!-- com.nopcommerce.myaccount.MyAccount_01_EditAccount -->
