<?xml version="1.0" encoding="UTF-8"?>
<!-- Generated by org.testng.reporters.JUnitReportReporter -->
<testsuite hostname="Admin" name="com.nopcommerce.login.Login_02_Login" tests="6" failures="0"
           timestamp="6 Dec 2020 06:32:43 GMT" time="15.266" errors="0">
    <testcase name="TC_04_LoginWithEmptyPass" time="2.919" classname="com.nopcommerce.login.Login_02_Login"/>
    <testcase name="TC_05_LoginWithWrongPass" time="2.342" classname="com.nopcommerce.login.Login_02_Login"/>
    <testcase name="TC_01_LoginWithEmptyData" time="1.166" classname="com.nopcommerce.login.Login_02_Login"/>
    <testcase name="TC_03_LoginWithIncorrectEmail" time="2.477" classname="com.nopcommerce.login.Login_02_Login"/>
    <testcase name="TC_06_LoginToTheSystem" time="5.157" classname="com.nopcommerce.login.Login_02_Login"/>
    <testcase name="TC_02_LoginWithInvalidEmail" time="1.205" classname="com.nopcommerce.login.Login_02_Login"/>
</testsuite> <!-- com.nopcommerce.login.Login_02_Login -->
