<?xml version="1.0" encoding="UTF-8"?>
<!-- Generated by org.testng.reporters.JUnitReportReporter -->
<testsuite hostname="Admin" name="com.nopcommerce.myaccount.MyAccount_01_EditAccount" tests="4" failures="0" timestamp="3 Dec 2020 14:17:11 GMT" time="27.173" errors="0">
  <testcase name="TC_02_Add_Address" time="7.245" classname="com.nopcommerce.myaccount.MyAccount_01_EditAccount"/>
  <testcase name="TC_03_Change_Password" time="8.034" classname="com.nopcommerce.myaccount.MyAccount_01_EditAccount"/>
  <testcase name="TC_04_Add_Review_Product" time="8.141" classname="com.nopcommerce.myaccount.MyAccount_01_EditAccount"/>
  <testcase name="TC_01_Update_Customer_Infor" time="3.753" classname="com.nopcommerce.myaccount.MyAccount_01_EditAccount"/>
</testsuite> <!-- com.nopcommerce.myaccount.MyAccount_01_EditAccount -->
