<?xml version="1.0" encoding="UTF-8"?>
<!-- Generated by org.testng.reporters.JUnitReportReporter -->
<testsuite hostname="Admin" name="com.nopcommerce.login.Login_01_Register" tests="6" failures="0" timestamp="2 Dec 2020 16:49:21 GMT" time="39.283" errors="1">
  <testcase name="TC_01_RegisterWithEmptyData" time="6.667" classname="com.nopcommerce.login.Login_01_Register"/>
  <testcase name="TC_02_RegisterWithInvalidEmail" time="5.870" classname="com.nopcommerce.login.Login_01_Register"/>
  <testcase name="TC_03_RegisterWithExistEmail" time="4.020" classname="com.nopcommerce.login.Login_01_Register">
    <error type="java.lang.IllegalArgumentException" message="Keys to send should be a not null CharSequence">
      <![CDATA[java.lang.IllegalArgumentException: Keys to send should be a not null CharSequence
	at org.openqa.selenium.remote.RemoteWebElement.sendKeys(RemoteWebElement.java:97)
	at commons.AbstractPage.sendKeyToElement(AbstractPage.java:117)
	at pageObjects.nopcommerce.RegisterPageObject.inputToEmailTextbox(RegisterPageObject.java:46)
	at com.nopcommerce.login.Login_01_Register.TC_03_RegisterWithExistEmail(Login_01_Register.java:107)
	at sun.reflect.NativeMethodAccessorImpl.invoke0(Native Method)
	at sun.reflect.NativeMethodAccessorImpl.invoke(NativeMethodAccessorImpl.java:62)
	at sun.reflect.DelegatingMethodAccessorImpl.invoke(DelegatingMethodAccessorImpl.java:43)
	at java.lang.reflect.Method.invoke(Method.java:498)
	at org.testng.internal.MethodInvocationHelper.invokeMethod(MethodInvocationHelper.java:86)
	at org.testng.internal.Invoker.invokeMethod(Invoker.java:643)
	at org.testng.internal.Invoker.invokeTestMethod(Invoker.java:820)
	at org.testng.internal.Invoker.invokeTestMethods(Invoker.java:1128)
	at org.testng.internal.TestMethodWorker.invokeTestMethods(TestMethodWorker.java:129)
	at org.testng.internal.TestMethodWorker.run(TestMethodWorker.java:112)
	at java.util.concurrent.ThreadPoolExecutor.runWorker(ThreadPoolExecutor.java:1149)
	at java.util.concurrent.ThreadPoolExecutor$Worker.run(ThreadPoolExecutor.java:624)
	at java.lang.Thread.run(Thread.java:748)
]]>
    </error>
  </testcase> <!-- TC_03_RegisterWithExistEmail -->
  <testcase name="TC_06_RegisterToSystem" time="9.898" classname="com.nopcommerce.login.Login_01_Register"/>
  <testcase name="TC_05_RegisterWithInvalidConfirmPass" time="5.562" classname="com.nopcommerce.login.Login_01_Register"/>
  <testcase name="TC_04_RegisterWithInvalidPass" time="7.266" classname="com.nopcommerce.login.Login_01_Register"/>
</testsuite> <!-- com.nopcommerce.login.Login_01_Register -->
