<?xml version="1.0" encoding="UTF-8"?>
<!-- Generated by org.testng.reporters.JUnitReportReporter -->
<testsuite hostname="Admin" name="com.nopcommerce.login.Login_01_Register_01" tests="6" failures="0" timestamp="20 Nov 2020 17:42:18 GMT" time="20.499" errors="0">
  <testcase name="TC_02_RegisterWithInvalidEmail" time="2.492" classname="com.nopcommerce.login.Login_01_Register_01"/>
  <testcase name="TC_03_RegisterWithExistEmail" time="4.953" classname="com.nopcommerce.login.Login_01_Register_01"/>
  <testcase name="TC_05_RegisterWithInvalidConfirmPass" time="2.993" classname="com.nopcommerce.login.Login_01_Register_01"/>
  <testcase name="TC_04_RegisterWithInvalidPass" time="2.990" classname="com.nopcommerce.login.Login_01_Register_01"/>
  <testcase name="TC_01_RegisterWithEmptyData" time="2.199" classname="com.nopcommerce.login.Login_01_Register_01"/>
  <testcase name="TC_06_RegisterToSystem" time="4.872" classname="com.nopcommerce.login.Login_01_Register_01"/>
</testsuite> <!-- com.nopcommerce.login.Login_01_Register_01 -->
