<?xml version="1.0" encoding="UTF-8"?>
<!-- Generated by org.testng.reporters.JUnitReportReporter -->
<testsuite hostname="Admin" name="com.nopcommerce.login.Login_02_Login" tests="6" failures="0" timestamp="21 Nov 2020 10:04:35 GMT" time="14.636" errors="0">
  <testcase name="TC_06_LoginToTheSystem" time="2.898" classname="com.nopcommerce.login.Login_02_Login"/>
  <testcase name="TC_04_LoginWithEmptyPass" time="2.468" classname="com.nopcommerce.login.Login_02_Login"/>
  <testcase name="TC_05_LoginWithWrongPass" time="2.451" classname="com.nopcommerce.login.Login_02_Login"/>
  <testcase name="TC_02_LoginWithInvalidEmail" time="1.484" classname="com.nopcommerce.login.Login_02_Login"/>
  <testcase name="TC_01_LoginWithEmptyData" time="1.935" classname="com.nopcommerce.login.Login_02_Login"/>
  <testcase name="TC_03_LoginWithIncorrectEmail" time="3.400" classname="com.nopcommerce.login.Login_02_Login"/>
</testsuite> <!-- com.nopcommerce.login.Login_02_Login -->
