<?xml version="1.0" encoding="UTF-8"?>
<!-- Generated by org.testng.reporters.JUnitReportReporter -->
<testsuite hostname="Admin" name="com.nopcommerce.login.Login_01_Register" tests="6" failures="0" timestamp="5 Dec 2020 19:04:11 GMT" time="18.931" errors="0">
  <testcase name="TC_03_RegisterWithExistEmail" time="3.464" classname="com.nopcommerce.login.Login_01_Register"/>
  <testcase name="TC_06_RegisterToSystem" time="5.669" classname="com.nopcommerce.login.Login_01_Register"/>
  <testcase name="TC_04_RegisterWithInvalidPass" time="3.083" classname="com.nopcommerce.login.Login_01_Register"/>
  <testcase name="TC_05_RegisterWithInvalidConfirmPass" time="2.264" classname="com.nopcommerce.login.Login_01_Register"/>
  <testcase name="TC_02_RegisterWithInvalidEmail" time="2.208" classname="com.nopcommerce.login.Login_01_Register"/>
  <testcase name="TC_01_RegisterWithEmptyData" time="2.243" classname="com.nopcommerce.login.Login_01_Register"/>
</testsuite> <!-- com.nopcommerce.login.Login_01_Register -->
